# JRE version: OpenJDK Runtime Environment Temurin-17.0.7+7 (17.0.7+7) (build 17.0.7+7)
# Java VM: OpenJDK 64-Bit Server VM Temurin-17.0.7+7 (17.0.7+7, mixed mode, emulated-client, tiered, compressed oops, compressed class ptrs, g1 gc, windows-amd64)
GC Precious Log:
 CPUs: 8 total, 8 available
 Memory: 16257M
 Large Page Support: Disabled
 NUMA Support: Disabled
 Compressed Oops: Enabled (32-bit)
 Heap Region Size: 1M
 Heap Min Capacity: 8M
 Heap Initial Capacity: 256M
 Heap Max Capacity: 1G
 Pre-touch: Disabled
 Parallel Workers: 8
 Concurrent Workers: 2
 Concurrent Refinement Workers: 8
 Periodic GC: Disabled
Heap:
 garbage-first heap   total 143360K, used 42359K [0x00000000c0000000, 0x0000000100000000)
  region size 1024K, 1 young (1024K), 0 survivors (0K)
 Metaspace       used 68340K, committed 68992K, reserved 1114112K
  class space    used 9294K, committed 9536K, reserved 1048576K
GC Heap History (20 events):
Event: 1947.395 GC heap before
{Heap before GC invocations=222 (full 173):
 garbage-first heap   total 143360K, used 42359K [0x00000000c0000000, 0x0000000100000000)
  region size 1024K, 1 young (1024K), 0 survivors (0K)
 Metaspace       used 68340K, committed 68992K, reserved 1114112K
  class space    used 9294K, committed 9536K, reserved 1048576K
}
Event: 1947.430 GC heap after
{Heap after GC invocations=223 (full 174):
 garbage-first heap   total 143360K, used 42359K [0x00000000c0000000, 0x0000000100000000)
  region size 1024K, 0 young (0K), 0 survivors (0K)
 Metaspace       used 68340K, committed 68992K, reserved 1114112K
  class space    used 9294K, committed 9536K, reserved 1048576K
}
Event: 1957.634 GC heap before
{Heap before GC invocations=223 (full 174):
 garbage-first heap   total 143360K, used 42359K [0x00000000c0000000, 0x0000000100000000)
  region size 1024K, 1 young (1024K), 0 survivors (0K)
 Metaspace       used 68340K, committed 68992K, reserved 1114112K
  class space    used 9294K, committed 9536K, reserved 1048576K
}
Event: 1957.673 GC heap after
{Heap after GC invocations=224 (full 175):
 garbage-first heap   total 143360K, used 42359K [0x00000000c0000000, 0x0000000100000000)
  region size 1024K, 0 young (0K), 0 survivors (0K)
 Metaspace       used 68340K, committed 68992K, reserved 1114112K
  class space    used 9294K, committed 9536K, reserved 1048576K
}
Event: 1967.893 GC heap before
{Heap before GC invocations=224 (full 175):
 garbage-first heap   total 143360K, used 42359K [0x00000000c0000000, 0x0000000100000000)
  region size 1024K, 1 young (1024K), 0 survivors (0K)
 Metaspace       used 68340K, committed 68992K, reserved 1114112K
  class space    used 9294K, committed 9536K, reserved 1048576K
}
Event: 1967.928 GC heap after
{Heap after GC invocations=225 (full 176):
 garbage-first heap   total 143360K, used 42359K [0x00000000c0000000, 0x0000000100000000)
  region size 1024K, 0 young (0K), 0 survivors (0K)
 Metaspace       used 68340K, committed 68992K, reserved 1114112K
  class space    used 9294K, committed 9536K, reserved 1048576K
}
Event: 1978.123 GC heap before
{Heap before GC invocations=225 (full 176):
 garbage-first heap   total 143360K, used 42359K [0x00000000c0000000, 0x0000000100000000)
  region size 1024K, 1 young (1024K), 0 survivors (0K)
 Metaspace       used 68340K, committed 68992K, reserved 1114112K
  class space    used 9294K, committed 9536K, reserved 1048576K
}
Event: 1978.156 GC heap after
{Heap after GC invocations=226 (full 177):
 garbage-first heap   total 143360K, used 42359K [0x00000000c0000000, 0x0000000100000000)
  region size 1024K, 0 young (0K), 0 survivors (0K)
 Metaspace       used 68340K, committed 68992K, reserved 1114112K
  class space    used 9294K, committed 9536K, reserved 1048576K
}
Event: 1988.350 GC heap before
{Heap before GC invocations=226 (full 177):
 garbage-first heap   total 143360K, used 42359K [0x00000000c0000000, 0x0000000100000000)
  region size 1024K, 1 young (1024K), 0 survivors (0K)
 Metaspace       used 68340K, committed 68992K, reserved 1114112K
  class space    used 9294K, committed 9536K, reserved 1048576K
}
Event: 1988.385 GC heap after
{Heap after GC invocations=227 (full 178):
 garbage-first heap   total 143360K, used 42359K [0x00000000c0000000, 0x0000000100000000)
  region size 1024K, 0 young (0K), 0 survivors (0K)
 Metaspace       used 68340K, committed 68992K, reserved 1114112K
  class space    used 9294K, committed 9536K, reserved 1048576K
}
Event: 1998.580 GC heap before
{Heap before GC invocations=227 (full 178):
 garbage-first heap   total 143360K, used 42359K [0x00000000c0000000, 0x0000000100000000)
  region size 1024K, 1 young (1024K), 0 survivors (0K)
 Metaspace       used 68340K, committed 68992K, reserved 1114112K
  class space    used 9294K, committed 9536K, reserved 1048576K
}
Event: 1998.613 GC heap after
{Heap after GC invocations=228 (full 179):
 garbage-first heap   total 143360K, used 42359K [0x00000000c0000000, 0x0000000100000000)
  region size 1024K, 0 young (0K), 0 survivors (0K)
 Metaspace       used 68340K, committed 68992K, reserved 1114112K
  class space    used 9294K, committed 9536K, reserved 1048576K
}
Event: 2008.806 GC heap before
{Heap before GC invocations=228 (full 179):
 garbage-first heap   total 143360K, used 42359K [0x00000000c0000000, 0x0000000100000000)
  region size 1024K, 1 young (1024K), 0 survivors (0K)
 Metaspace       used 68340K, committed 68992K, reserved 1114112K
  class space    used 9294K, committed 9536K, reserved 1048576K
}
Event: 2008.841 GC heap after
{Heap after GC invocations=229 (full 180):
 garbage-first heap   total 143360K, used 42359K [0x00000000c0000000, 0x0000000100000000)
  region size 1024K, 0 young (0K), 0 survivors (0K)
 Metaspace       used 68340K, committed 68992K, reserved 1114112K
  class space    used 9294K, committed 9536K, reserved 1048576K
}
Event: 2019.091 GC heap before
{Heap before GC invocations=229 (full 180):
 garbage-first heap   total 143360K, used 42359K [0x00000000c0000000, 0x0000000100000000)
  region size 1024K, 1 young (1024K), 0 survivors (0K)
 Metaspace       used 68340K, committed 68992K, reserved 1114112K
  class space    used 9294K, committed 9536K, reserved 1048576K
}
Event: 2019.133 GC heap after
{Heap after GC invocations=230 (full 181):
 garbage-first heap   total 143360K, used 42359K [0x00000000c0000000, 0x0000000100000000)
  region size 1024K, 0 young (0K), 0 survivors (0K)
 Metaspace       used 68340K, committed 68992K, reserved 1114112K
  class space    used 9294K, committed 9536K, reserved 1048576K
}
Event: 2029.325 GC heap before
{Heap before GC invocations=230 (full 181):
 garbage-first heap   total 143360K, used 42359K [0x00000000c0000000, 0x0000000100000000)
  region size 1024K, 1 young (1024K), 0 survivors (0K)
 Metaspace       used 68340K, committed 68992K, reserved 1114112K
  class space    used 9294K, committed 9536K, reserved 1048576K
}
Event: 2029.363 GC heap after
{Heap after GC invocations=231 (full 182):
 garbage-first heap   total 143360K, used 42359K [0x00000000c0000000, 0x0000000100000000)
  region size 1024K, 0 young (0K), 0 survivors (0K)
 Metaspace       used 68340K, committed 68992K, reserved 1114112K
  class space    used 9294K, committed 9536K, reserved 1048576K
}
Event: 2039.596 GC heap before
{Heap before GC invocations=231 (full 182):
 garbage-first heap   total 143360K, used 42359K [0x00000000c0000000, 0x0000000100000000)
  region size 1024K, 1 young (1024K), 0 survivors (0K)
 Metaspace       used 68340K, committed 68992K, reserved 1114112K
  class space    used 9294K, committed 9536K, reserved 1048576K
}
Event: 2039.643 GC heap after
{Heap after GC invocations=232 (full 183):
 garbage-first heap   total 143360K, used 42359K [0x00000000c0000000, 0x0000000100000000)
  region size 1024K, 0 young (0K), 0 survivors (0K)
 Metaspace       used 68340K, committed 68992K, reserved 1114112K
  class space    used 9294K, committed 9536K, reserved 1048576K
}

